0 info it worked if it ends with ok
1 verbose cli [ 'd:\\Program Files\\nodejs\\node.exe',
1 verbose cli   'd:\\Program Files\\nodejs\\node_modules\\npm\\bin\\npm-cli.js',
1 verbose cli   'version',
1 verbose cli   'patch' ]
2 info using npm@1.4.3
3 info using node@v0.10.26
4 error version No package.json found
5 error Error: ENOENT, open 'e:\githupForMe\publishPackageToNPM\package.json'
6 error If you need help, you may report this *entire* log,
6 error including the npm and node versions, at:
6 error     <http://github.com/npm/npm/issues>
7 error System Windows_NT 6.1.7601
8 error command "d:\\Program Files\\nodejs\\node.exe" "d:\\Program Files\\nodejs\\node_modules\\npm\\bin\\npm-cli.js" "version" "patch"
9 error cwd e:\githupForMe\publishPackageToNPM
10 error node -v v0.10.26
11 error npm -v 1.4.3
12 error path e:\githupForMe\publishPackageToNPM\package.json
13 error code ENOENT
14 error errno 34
15 verbose exit [ 34, true ]
